1634406453890:sayHello
1634406499283:say
1634406667314:help say
1634407272062:listfigures
1634407277630:liststeps
1634407280970:color
1634407285445:pu
1634407288377:pd
1634407291572:angle
1634407295921:move
1634417290199:exit
1636893969032:move
1636893973005:angle
1636893976238:pd
1636893980033:pu
1636893983439:color
1636896022630:move
1636896620454:move 5
1636896827242:move 4
1637607543215:move 5
1638108938925:move 10
1638108953222:angle 45
1638109125628:move 10
1638109157272:angle 45
1638109219611:move 10
1638109234636:angle 90
1638109241416:move 10
1638109408233:angle 90
1638109411442:move 10
1638109421191:angle 90
1638109424009:move 10
1638109450212:angle 90
1638109452556:move 10
1638109655979:angle 180
1638109660748:move 10
1638109793784:angle 180
1638109798286:move 10
1638110012373:angle 180
1638110016169:move 10
1638110071473:angle 180
1638110075195:move 10
1638110091980:angle 180
1638110096940:move 10
1638110112767:angle 90
1638110116553:move 10
1638110121250:angle 180
1638110124624:move 10
1638110143453:pu
1638110150634:pd
1638110153590:pu
1638110204448:help
1638110396100:color green
1638110517056:move 10
1638110524183:move -5
1638110572924:color green
1638116114341:listfigures
1638116235702:figures
1638116241790:listfigures
1638116777295:move 10
1638116823191:pu
1638116828788:move 10
1638116831960:pd
1638116840234:move 10
1638116842930:pu
1638116846167:move 10
1638116851764:angle 90
1638116855037:move 10
1638116859529:angle 90
1638116862566:move 10
1638116868220:angle 90
1638116871372:move 10
1638116881131:angle 90
1638116887445:move 10
1638117075122:listfigures
1638117211072:pu
1638117215104:move 10
1638117218104:angle 90
1638117220233:move 10
1638117222856:angle 90
1638117225144:move 10
1638117230831:angle 90
1638117235094:move 10
1638117245796:listfigures
1638122795455:angle 45
1638122800905:move 5
1638122817719:angle 270
1638122824635:angle 45
1638122849977:angle 270
1638122864999:move 3
1638122878461:move 1
1638122901329:angle 90
1638122908322:angle 180
1638122912847:move 3
1638122921960:listfigures
1638123313200:angle 45
1638123346369:pu
1638123352383:angle 45
1638123354909:move 5
1638123361871:angle 315
1638123369277:angle 270
1638123374463:move 4
1638123379717:angle 90
1638123396141:angle 180
1638123399118:move 3
1638123405460:listfigures
1638123767366:move 3
1638123782481:angle 180
1638123784513:move 3
1638123788151:angle 180
1638123792091:pu
1638123805132:move 3
1638123816182:angle 60
1638123819712:move 3
1638123834476:angle 60
1638123840674:move 3
1638123864261:angle 60
1638123866640:move 3
1638123876446:angle 60
1638123879435:move 3
1638123883296:angle 60
1638123887739:move 3
1638123915188:listfigures
1638124083367:move 3
1638124090309:angle 180
1638124092446:move 3
1638124094877:angle 180
1638124098360:pu
1638124102081:move 3
1638124105767:angle 60
1638124107826:move 3
1638124110650:angle 60
1638124113332:move 3
1638124116436:angle 60
1638124121109:move 3
1638124124614:angle 60
1638124127795:move 3
1638124131609:angle 60
1638124134657:move 3
1638124139978:listfigures
1638124951775:move 0
1638124967341:move 3
1638124970552:angle 120
1638124972454:move 3
1638124975373:angle 120
1638124978370:move 3
1638124985314:listfigures
1638125030765:pu
1638125035858:move 3
1638125038279:angle 120
1638125040296:move 3
1638125042629:angle 120
1638125045809:move 3
1638125052194:listfigures
1638125125580:move 3
1638125130914:angle 120
1638125133526:move 3
1638125136605:angle 120
1638125139352:move 3
1638125145286:listfigures
1638125152133:pu
1638125155569:move 3
1638125158184:angle 120
1638125159632:move 3
1638125161958:angle 120
1638125163739:move 3
1638125169320:listfigures
1638125267291:move 4
1638125271746:angle 90
1638125273959:move 4
1638125280984:angle 90
1638125283840:move 4
1638125287548:angle 90
1638125294106:move 4
1638125299006:listfigures
1638125678385:move 5
1638125681756:ange 90
1638125686854:angle 90
1638125689494:move 5
1638125694852:angle 90
1638125698554:move 5
1638125701476:angle 90
1638125705338:move 5
1638125709893:pu
1638125712758:move 5
1638125715449:angle 90
1638125718319:move 5
1638125720477:angle 90
1638125722637:move 5
1638125724779:angle 90
1638125727418:move 5
1638125730058:angle 90
1638125740344:listfigures
1638125949810:pu
1638125953041:move 5
1638125955094:angle 90
1638125956904:move 5
1638125958977:angle 90
1638125960677:move 5
1638125963366:angle 90
1638125965645:move 5
1638125979138:angle 60
1638125981135:move 10
1638125984333:angle 120
1638125987300:move 10
1638125990167:angle 120
1638125993250:move 10
1638125997036:angle 120
1638125999146:move 10
1638126003642:listfigures
1638126199618:pu
1638126203524:move 100
1638126207758:angle 90
1638126209954:move 100
1638126212189:angle 90
1638126215377:move 100
1638126217488:angle 90
1638126220765:move 100
1638126227467:angle 90
1638126244225:move 45
1638126249802:angle 120
1638126251846:move 45
1638126253981:angle 120
1638126258002:move 45
1638126266361:angle 120
1638126272452:move 45
1638126276346:listfigures
1638127195582:move 10
1638127211716:angle 90
1638127214060:move 10
1638127215856:angle 90
1638127217732:move 10
1638127220293:angle 90
1638127222222:move 10
1638127227030:listfigures
1638127231731:pu
1638127234409:move 10
1638127236714:angle 90
1638127239289:move 10
1638127241662:angle 90
1638127243318:move 10
1638127245291:angle 90
1638127247794:move 10
1638127251148:angle 90
1638127255688:listfigures
1638127263570:liststeps
1638127520776:pu
1638127537624:move 10
1638127541208:pu
1638127544916:move 10
1638127550454:angle 90
1638127552839:move 10
1638127555201:angle 90
1638127556856:move 10
1638127559089:angle 90
1638127563899:move 10
1638127570168:listfigures
1638127575528:liststeps
1638133797589:register kirill 123
1638134516920:register kirill hello
1638134558886:register kirill 228
1638134632493:register kirill 1231
1638134673875:register kirill 1237
1638134710100:register vasia kll
1638134765654:register kirill klio
1638134794719:register kirill bnt
1638135115799:register fsfds fsfdsdsf
1638135161466:move 10
1638135207358:register kirillsdf sfksl
1638135218171:move 10
1638135371641:register kirill kirill
1638135416772:move 10
1638135621400:register kirill kirill
1638135664071:register dkfgdfkl dfgkjdfgkd
1638135694496:register ldjglkjgl dfgjdlkg
1638135854502:register kirill kirill
1638136081894:register hello hello
1638136218258:move 10
1638136433601:registe kirill ojfdkgj
1638136440773:register kkdgj lllll
1638136455215:move 10
1638172112147:register kirill 8976
1638172118757:move 10
1638173260413:register reg1 kloip
1638173267512:move 10
1638173324415:angle 30
1638173332492:listfigures
1638173346455:steps
1638173350751:liststeps
1638173409575:move 10
1638173419685:register kirill kirill
1638173424242:move 10
